<?xml version="1.0" encoding="UTF-8"?>
<testsuite xmlns:xsi="http://www.w3.org/2001/XMLSchema-instance" xsi:schemaLocation="https://maven.apache.org/surefire/maven-surefire-plugin/xsd/surefire-test-report.xsd" name="es.deusto.spq.server.GuestTest" time="0.001" tests="12" errors="0" skipped="0" failures="0">
  <properties>
    <property name="java.runtime.name" value="Java(TM) SE Runtime Environment"/>
    <property name="java.vm.version" value="15.0.2+7-27"/>
    <property name="sun.boot.library.path" value="C:\Program Files\Java\jdk-15.0.2\bin"/>
    <property name="maven.multiModuleProjectDirectory" value="C:\Users\BSILV\OneDrive\Escritorio\TERCERO INFOR\SEGUNDO CUATRI\Procesos de software\BSPQ23-E51 V1\BSPQ23-E51\BSPQ23-E51"/>
    <property name="java.vm.vendor" value="Oracle Corporation"/>
    <property name="java.vendor.url" value="https://java.oracle.com/"/>
    <property name="guice.disable.misplaced.annotation.check" value="true"/>
    <property name="path.separator" value=";"/>
    <property name="java.vm.name" value="Java HotSpot(TM) 64-Bit Server VM"/>
    <property name="sun.os.patch.level" value=""/>
    <property name="user.script" value=""/>
    <property name="user.country" value="ES"/>
    <property name="sun.java.launcher" value="SUN_STANDARD"/>
    <property name="java.vm.specification.name" value="Java Virtual Machine Specification"/>
    <property name="user.dir" value="C:\Users\BSILV\OneDrive\Escritorio\TERCERO INFOR\SEGUNDO CUATRI\Procesos de software\BSPQ23-E51 V1\BSPQ23-E51\BSPQ23-E51"/>
    <property name="java.vm.compressedOopsMode" value="32-bit"/>
    <property name="java.runtime.version" value="15.0.2+7-27"/>
    <property name="os.arch" value="amd64"/>
    <property name="java.io.tmpdir" value="C:\Users\BSILV\AppData\Local\Temp\"/>
    <property name="line.separator" value="&#10;"/>
    <property name="java.vm.specification.vendor" value="Oracle Corporation"/>
    <property name="user.variant" value=""/>
    <property name="os.name" value="Windows 10"/>
    <property name="classworlds.conf" value="C:\apache-maven-3.9.0\bin\m2.conf"/>
    <property name="sun.jnu.encoding" value="Cp1252"/>
    <property name="java.library.path" value="C:\Program Files\Java\jdk-15.0.2\bin;C:\WINDOWS\Sun\Java\bin;C:\WINDOWS\system32;C:\WINDOWS;C:\Program Files\Eclipse Adoptium\jdk-17.0.4.101-hotspot\bin;C:\Program Files\Common Files\Oracle\Java\javapath;C:\Program Files (x86)\VMware\VMware Player\bin\;C:\WINDOWS\system32;C:\WINDOWS;C:\WINDOWS\System32\Wbem;C:\WINDOWS\System32\WindowsPowerShell\v1.0\;C:\WINDOWS\System32\OpenSSH\;C:\MinGW\bin;C:\SoftLabs\SD\sd-lab-22-23\2.2_exampleRMI_Server\bin;C:\Program Files\apache-ant-1.10.12\bin;C:\apache-maven-3.9.0\bin;C:\mysql-8.0.32-winx64\bin;C:\Program Files\TortoiseGit\bin;C;C;C:\Users\BSILV\AppData\Local\Programs\Python\Python38-32\Scripts\;C:\Users\BSILV\AppData\Local\Programs\Python\Python38-32\;C:\Users\BSILV\AppData\Local\Microsoft\WindowsApps;C:\ProgramData\BSILV\GitHubDesktop\bin;C:\Users\BSILV\AppData\Local\Programs\Microsoft VS Code\bin;C:\Users\BSILV\AppData\Local\Programs\Git\cmd;."/>
    <property name="maven.conf" value="C:\apache-maven-3.9.0/conf"/>
    <property name="jdk.debug" value="release"/>
    <property name="java.class.version" value="59.0"/>
    <property name="java.specification.name" value="Java Platform API Specification"/>
    <property name="sun.management.compiler" value="HotSpot 64-Bit Tiered Compilers"/>
    <property name="os.version" value="10.0"/>
    <property name="library.jansi.path" value="C:\apache-maven-3.9.0\lib\jansi-native"/>
    <property name="user.home" value="C:\Users\BSILV"/>
    <property name="user.timezone" value="Europe/Madrid"/>
    <property name="file.encoding" value="Cp1252"/>
    <property name="java.specification.version" value="15"/>
    <property name="user.name" value="BSILV"/>
    <property name="java.class.path" value="C:\apache-maven-3.9.0\boot\plexus-classworlds-2.6.0.jar"/>
    <property name="java.vm.specification.version" value="15"/>
    <property name="sun.arch.data.model" value="64"/>
    <property name="sun.java.command" value="org.codehaus.plexus.classworlds.launcher.Launcher test"/>
    <property name="java.home" value="C:\Program Files\Java\jdk-15.0.2"/>
    <property name="user.language" value="es"/>
    <property name="java.specification.vendor" value="Oracle Corporation"/>
    <property name="java.vm.info" value="mixed mode, sharing"/>
    <property name="java.version" value="15.0.2"/>
    <property name="java.vendor" value="Oracle Corporation"/>
    <property name="sun.stderr.encoding" value="cp850"/>
    <property name="maven.home" value="C:\apache-maven-3.9.0"/>
    <property name="file.separator" value="\"/>
    <property name="java.version.date" value="2021-01-19"/>
    <property name="java.vendor.url.bug" value="https://bugreport.java.com/bugreport/"/>
    <property name="sun.io.unicode.encoding" value="UnicodeLittle"/>
    <property name="sun.cpu.endian" value="little"/>
    <property name="sun.stdout.encoding" value="cp850"/>
    <property name="sun.cpu.isalist" value="amd64"/>
  </properties>
  <testcase name="testGetCityOfProvenance" classname="es.deusto.spq.server.GuestTest" time="0"/>
  <testcase name="testGetSurname" classname="es.deusto.spq.server.GuestTest" time="0"/>
  <testcase name="testToString" classname="es.deusto.spq.server.GuestTest" time="0"/>
  <testcase name="testGetName" classname="es.deusto.spq.server.GuestTest" time="0"/>
  <testcase name="testSetSurname" classname="es.deusto.spq.server.GuestTest" time="0"/>
  <testcase name="testSetCityOfProvenance" classname="es.deusto.spq.server.GuestTest" time="0"/>
  <testcase name="testEquals" classname="es.deusto.spq.server.GuestTest" time="0.001"/>
  <testcase name="testGetAge" classname="es.deusto.spq.server.GuestTest" time="0"/>
  <testcase name="testGetDni" classname="es.deusto.spq.server.GuestTest" time="0"/>
  <testcase name="testSetName" classname="es.deusto.spq.server.GuestTest" time="0"/>
  <testcase name="testSetAge" classname="es.deusto.spq.server.GuestTest" time="0"/>
  <testcase name="testSetDni" classname="es.deusto.spq.server.GuestTest" time="0"/>
</testsuite>